SF:lib/src/features/qr_generator/logic/qr_generator_cubit.dart
DA:8,1
DA:11,1
DA:16,1
DA:17,1
DA:18,3
DA:20,1
DA:21,2
DA:22,3
DA:27,1
DA:28,1
LF:10
LH:10
end_of_record
SF:lib/src/features/qr_scanner/logic/qr_scanner_cubit.dart
DA:9,2
DA:12,0
DA:14,0
DA:17,0
DA:18,0
DA:19,0
LF:6
LH:1
end_of_record
SF:lib/src/features/qr_scanner/views/qr_scanner_page.dart
DA:13,6
DA:16,6
DA:17,6
DA:22,3
DA:25,2
DA:26,3
DA:29,2
DA:31,2
DA:32,6
DA:33,2
DA:34,2
DA:35,2
DA:43,2
DA:45,2
DA:47,2
DA:49,2
DA:51,2
DA:61,2
DA:62,2
DA:64,2
DA:66,2
DA:67,2
DA:68,2
DA:69,2
DA:70,2
DA:73,2
DA:74,1
DA:75,2
DA:77,2
DA:78,2
DA:83,2
DA:84,6
DA:94,2
DA:95,2
DA:97,2
DA:98,2
DA:99,2
DA:100,2
DA:101,2
DA:102,1
DA:110,4
DA:113,2
DA:115,2
DA:116,1
DA:117,3
DA:118,2
DA:119,3
DA:122,2
DA:123,4
DA:124,2
LF:50
LH:50
end_of_record
SF:lib/src/core/widgets/animated_floating_action_button.dart
DA:6,3
DA:11,1
DA:14,1
DA:22,1
DA:24,1
DA:27,1
DA:29,1
DA:33,1
DA:36,4
DA:37,2
DA:38,2
DA:39,2
DA:40,1
DA:41,1
DA:42,2
DA:43,1
DA:44,1
DA:47,1
DA:48,1
DA:51,1
DA:57,3
DA:58,1
DA:61,1
DA:63,1
DA:65,1
DA:66,1
DA:67,1
DA:73,4
DA:74,1
DA:75,1
DA:76,2
DA:77,2
DA:79,1
DA:81,2
DA:82,1
DA:83,1
DA:86,2
DA:89,1
DA:91,2
DA:93,1
DA:94,1
DA:97,1
DA:98,1
DA:99,1
DA:101,1
DA:114,1
DA:119,1
DA:130,1
DA:132,1
DA:133,1
DA:134,1
DA:139,1
DA:140,1
DA:141,1
DA:145,1
LF:55
LH:55
end_of_record
SF:lib/src/features/qr_generator/views/qr_generator_page.dart
DA:18,3
DA:21,3
DA:24,3
DA:29,3
DA:35,1
DA:36,1
DA:39,1
DA:41,1
DA:42,1
DA:43,2
DA:45,1
DA:46,1
DA:48,1
DA:49,1
DA:50,1
DA:51,1
DA:53,1
DA:54,2
DA:57,1
DA:58,1
DA:60,1
DA:61,2
DA:71,1
DA:73,1
DA:74,1
DA:75,1
DA:76,1
DA:77,3
DA:78,3
DA:79,3
DA:80,1
DA:83,2
DA:91,2
DA:95,1
DA:97,1
DA:101,1
DA:102,1
DA:111,2
DA:114,1
DA:116,1
DA:118,1
DA:119,2
DA:121,1
DA:122,1
DA:123,0
DA:124,0
LF:46
LH:44
end_of_record
SF:lib/src/features/qr_generator/views/widgets/expiration_timer.dart
DA:10,1
DA:14,1
DA:22,1
DA:23,1
DA:30,1
DA:31,1
DA:32,0
DA:34,2
DA:36,0
DA:37,0
DA:38,0
DA:39,0
DA:40,0
DA:42,0
DA:43,0
DA:51,0
DA:52,0
DA:53,0
DA:54,0
DA:59,0
DA:61,0
DA:62,0
DA:63,0
DA:66,1
DA:68,1
DA:69,6
DA:70,1
DA:71,1
DA:74,1
DA:76,1
DA:77,2
DA:79,1
DA:82,1
DA:84,1
DA:85,2
LF:35
LH:19
end_of_record
SF:lib/src/features/qr_generator/views/widgets/qr_code_widget.dart
DA:14,1
DA:17,1
DA:22,1
DA:24,1
DA:25,1
DA:26,1
DA:27,1
DA:30,0
DA:33,0
DA:34,0
DA:35,0
DA:43,1
DA:44,1
DA:45,3
DA:46,4
DA:47,1
DA:53,0
DA:56,0
DA:69,0
LF:19
LH:12
end_of_record
